[0.004][INFO]:      ChromeDriver 26.0.1383.0 /usr/bin/chromedriver
[0.336][FINE]:      Initializing session with capabilities {
   "browserName": "chrome",
   "chrome.detach": true,
   "chromeOptions": {
      "detach": true
   },
   "cssSelectorsEnabled": true,
   "javascriptEnabled": true,
   "nativeEvents": false,
   "platform": "ANY",
   "rotatable": false,
   "takesScreenshot": false,
   "version": ""
}

[0.337][INFO]:      Using named testing interface
[2.053][INFO]:      Connected to Chrome successfully. Version: 26.0.1410.65
[2.136][FINE]:      Command received (/session/a85c9a961e049be5ca03325fd93cd119)
[2.136][FINE]:      Command finished (/session/a85c9a961e049be5ca03325fd93cd119) with response {
   "sessionId": "a85c9a961e049be5ca03325fd93cd119",
   "status": 0,
   "value": {
      "acceptSslCerts": false,
      "applicationCacheEnabled": false,
      "browserConnectionEnabled": false,
      "browserName": "chrome",
      "chrome.chromedriverVersion": "26.0.1383.0",
      "cssSelectorsEnabled": true,
      "databaseEnabled": false,
      "handlesAlerts": true,
      "javascriptEnabled": true,
      "locationContextEnabled": false,
      "nativeEvents": true,
      "platform": "mac",
      "rotatable": false,
      "takesScreenshot": true,
      "version": "26.0.1410.65",
      "webStorageEnabled": true
   }
}

[2.153][FINE]:      Command received (/session/a85c9a961e049be5ca03325fd93cd119/url) with params {
   "url": "http://localhost:3000/samples/1"
}

[2.153][FINER]:     Waiting for all views to stop loading...
[2.176][FINER]:     Done waiting for all views to stop loading
[3.116][FINER]:     Waiting for all views to stop loading...
[3.132][FINER]:     Done waiting for all views to stop loading
[3.132][FINE]:      Command finished (/session/a85c9a961e049be5ca03325fd93cd119/url) with response {
   "sessionId": "a85c9a961e049be5ca03325fd93cd119",
   "status": 0,
   "value": {

   }
}

[3.140][FINE]:      Command received (/session/a85c9a961e049be5ca03325fd93cd119/cookie)
[3.140][FINER]:     Waiting for all views to stop loading...
[3.140][FINER]:     Done waiting for all views to stop loading
[3.148][FINER]:     Waiting for all views to stop loading...
[3.148][FINER]:     Done waiting for all views to stop loading
[3.148][FINE]:      Command finished (/session/a85c9a961e049be5ca03325fd93cd119/cookie) with response {
   "sessionId": "a85c9a961e049be5ca03325fd93cd119",
   "status": 0,
   "value": {

   }
}

[3.153][FINE]:      Command received (/session/a85c9a961e049be5ca03325fd93cd119/url) with params {
   "url": "about:blank"
}

[3.153][FINER]:     Waiting for all views to stop loading...
[3.153][FINER]:     Done waiting for all views to stop loading
[3.690][FINER]:     Waiting for all views to stop loading...
[3.838][FINER]:     Done waiting for all views to stop loading
[3.838][FINE]:      Command finished (/session/a85c9a961e049be5ca03325fd93cd119/url) with response {
   "sessionId": "a85c9a961e049be5ca03325fd93cd119",
   "status": 0,
   "value": {

   }
}

[3.844][FINE]:      Command received (/session/a85c9a961e049be5ca03325fd93cd119)
[4.153][INFO]:      Chrome shutdown
